d:\code\minesweeper\minesweeper\x64\debug\vc143.pdb
d:\code\minesweeper\minesweeper\x64\debug\vc143.idb
d:\code\minesweeper\minesweeper\x64\debug\game.obj
d:\code\minesweeper\minesweeper\x64\debug\action.obj
d:\code\minesweeper\minesweeper\x64\debug\minesweeper.ilk
d:\code\minesweeper\x64\debug\minesweeper.pdb
d:\code\minesweeper\minesweeper\x64\debug\minesweeper.tlog\cl.command.1.tlog
d:\code\minesweeper\minesweeper\x64\debug\minesweeper.tlog\cl.items.tlog
d:\code\minesweeper\minesweeper\x64\debug\minesweeper.tlog\cl.read.1.tlog
d:\code\minesweeper\minesweeper\x64\debug\minesweeper.tlog\cl.write.1.tlog
d:\code\minesweeper\minesweeper\x64\debug\minesweeper.tlog\link.26768-cvtres.read.1.tlog
d:\code\minesweeper\minesweeper\x64\debug\minesweeper.tlog\link.26768-cvtres.write.1.tlog
d:\code\minesweeper\minesweeper\x64\debug\minesweeper.tlog\link.26768-rc.read.1.tlog
d:\code\minesweeper\minesweeper\x64\debug\minesweeper.tlog\link.26768-rc.write.1.tlog
d:\code\minesweeper\minesweeper\x64\debug\minesweeper.tlog\link.26768.read.1.tlog
d:\code\minesweeper\minesweeper\x64\debug\minesweeper.tlog\link.26768.read.2.tlog
d:\code\minesweeper\minesweeper\x64\debug\minesweeper.tlog\link.26768.read.3.tlog
d:\code\minesweeper\minesweeper\x64\debug\minesweeper.tlog\link.26768.read.4.tlog
d:\code\minesweeper\minesweeper\x64\debug\minesweeper.tlog\link.26768.write.1.tlog
d:\code\minesweeper\minesweeper\x64\debug\minesweeper.tlog\link.command.1.tlog
d:\code\minesweeper\minesweeper\x64\debug\minesweeper.tlog\link.read.1.tlog
d:\code\minesweeper\minesweeper\x64\debug\minesweeper.tlog\link.secondary.1.tlog
d:\code\minesweeper\minesweeper\x64\debug\minesweeper.tlog\link.write.1.tlog
